[debug] [2022-10-25T16:01:21.361Z] ----------------------------------------------------------------------
[debug] [2022-10-25T16:01:21.363Z] Command:       C:\Program Files\nodejs\node.exe C:\Users\Legion 5\AppData\Roaming\npm\node_modules\firebase-tools\lib\bin\firebase.js init
[debug] [2022-10-25T16:01:21.364Z] CLI Version:   11.15.0
[debug] [2022-10-25T16:01:21.364Z] Platform:      win32
[debug] [2022-10-25T16:01:21.364Z] Node Version:  v18.7.0
[debug] [2022-10-25T16:01:21.364Z] Time:          Tue Oct 25 2022 23:01:21 GMT+0700 (Indochina Time)
[debug] [2022-10-25T16:01:21.365Z] ----------------------------------------------------------------------
[debug] 
[debug] [2022-10-25T16:01:21.432Z] > command requires scopes: ["email","openid","https://www.googleapis.com/auth/cloudplatformprojects.readonly","https://www.googleapis.com/auth/firebase","https://www.googleapis.com/auth/cloud-platform"]
[debug] [2022-10-25T16:01:21.432Z] > authorizing via signed-in user (dinhsyduyet@gmail.com)
[info] 
     ######## #### ########  ######## ########     ###     ######  ########
     ##        ##  ##     ## ##       ##     ##  ##   ##  ##       ##
     ######    ##  ########  ######   ########  #########  ######  ######
     ##        ##  ##    ##  ##       ##     ## ##     ##       ## ##
     ##       #### ##     ## ######## ########  ##     ##  ######  ########

You're about to initialize a Firebase project in this directory:

  E:\Angular\portfolio

Before we get started, keep in mind:

  * You are initializing within an existing Firebase project directory

[info] 
=== Project Setup
[info] 
[info] First, let's associate this project directory with a Firebase project.
[info] You can create multiple project aliases by running firebase use --add, 
[info] but for now we'll just set up a default project.
[info] 
[debug] [2022-10-25T16:01:47.365Z] Using project from CLI flag: databasedemo-c53e4
[debug] [2022-10-25T16:01:47.367Z] >>> [apiv2][query] GET https://firebase.googleapis.com/v1beta1/projects/databasedemo-c53e4 [none]
[debug] [2022-10-25T16:01:47.818Z] <<< [apiv2][status] GET https://firebase.googleapis.com/v1beta1/projects/databasedemo-c53e4 200
[debug] [2022-10-25T16:01:47.818Z] <<< [apiv2][body] GET https://firebase.googleapis.com/v1beta1/projects/databasedemo-c53e4 {"projectId":"databasedemo-c53e4","projectNumber":"197960938355","displayName":"databasedemo","name":"projects/databasedemo-c53e4","resources":{"hostingSite":"databasedemo-c53e4","realtimeDatabaseInstance":"databasedemo-c53e4-default-rtdb","storageBucket":"databasedemo-c53e4.appspot.com","locationId":"us-central"},"state":"ACTIVE","etag":"1_0444ef56-0274-47cb-9ccb-9c1b501775ad"}
[info] i  Using project databasedemo-c53e4 (databasedemo) 
[info] 
=== Hosting:github Setup
[info] 
[info] i  Detected a .git folder at E:\Angular\portfolio 
[info] i  Authorizing with GitHub to upload your service account to a GitHub repository's secrets store. 
[info] 
[info] Visit this URL on this device to log in:
[info] https://github.com/login/oauth/authorize?client_id=89cf50f02ac6aaed3484&state=387465600&redirect_uri=http%3A%2F%2Flocalhost%3A9005&scope=read%3Auser%20repo%20public_repo
[info] 
[info] Waiting for authentication...
[debug] [2022-10-25T16:01:57.538Z] >>> [apiv2][query] POST https://github.com/login/oauth/access_token [none]
[debug] [2022-10-25T16:01:57.539Z] >>> [apiv2][body] POST https://github.com/login/oauth/access_token [stream]
[debug] [2022-10-25T16:01:58.079Z] <<< [apiv2][status] POST https://github.com/login/oauth/access_token 200
[debug] [2022-10-25T16:01:58.079Z] <<< [apiv2][body] POST https://github.com/login/oauth/access_token {"access_token":"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","token_type":"bearer","scope":"read:user,repo"}
[debug] [2022-10-25T16:01:58.083Z] >>> [apiv2][query] GET https://api.github.com/user [none]
[debug] [2022-10-25T16:01:58.558Z] <<< [apiv2][status] GET https://api.github.com/user 200
[debug] [2022-10-25T16:01:58.558Z] <<< [apiv2][body] GET https://api.github.com/user {"login":"DuyetQB","id":69998574,"node_id":"MDQ6VXNlcjY5OTk4NTc0","avatar_url":"https://avatars.githubusercontent.com/u/69998574?v=4","gravatar_id":"","url":"https://api.github.com/users/DuyetQB","html_url":"https://github.com/DuyetQB","followers_url":"https://api.github.com/users/DuyetQB/followers","following_url":"https://api.github.com/users/DuyetQB/following{/other_user}","gists_url":"https://api.github.com/users/DuyetQB/gists{/gist_id}","starred_url":"https://api.github.com/users/DuyetQB/starred{/owner}{/repo}","subscriptions_url":"https://api.github.com/users/DuyetQB/subscriptions","organizations_url":"https://api.github.com/users/DuyetQB/orgs","repos_url":"https://api.github.com/users/DuyetQB/repos","events_url":"https://api.github.com/users/DuyetQB/events{/privacy}","received_events_url":"https://api.github.com/users/DuyetQB/received_events","type":"User","site_admin":false,"name":"Duyet","company":null,"blog":"","location":"Viet Nam","email":null,"hireable":null,"bio":"I love computer program","twitter_username":null,"public_repos":91,"public_gists":0,"followers":2,"following":0,"created_at":"2020-08-21T02:00:22Z","updated_at":"2022-09-12T14:00:35Z","private_gists":0,"total_private_repos":6,"owned_private_repos":6,"disk_usage":256845,"collaborators":1,"two_factor_authentication":false,"plan":{"name":"free","space":976562499,"collaborators":0,"private_repos":10000}}
[info] 
[info] +  Success! Logged into GitHub as DuyetQB 
[info] 
[debug] [2022-10-25T16:02:28.143Z] >>> [apiv2][query] GET https://api.github.com/repos//actions/secrets/public-key type=owner
[debug] [2022-10-25T16:02:28.549Z] <<< [apiv2][status] GET https://api.github.com/repos//actions/secrets/public-key 404
[debug] [2022-10-25T16:02:28.549Z] <<< [apiv2][body] GET https://api.github.com/repos//actions/secrets/public-key {"message":"Not Found","documentation_url":"https://docs.github.com/rest"}
[debug] [2022-10-25T16:02:29.602Z] >>> [apiv2][query] GET https://api.github.com/repos//actions/secrets/public-key type=owner
[debug] [2022-10-25T16:02:30.002Z] <<< [apiv2][status] GET https://api.github.com/repos//actions/secrets/public-key 404
[debug] [2022-10-25T16:02:30.002Z] <<< [apiv2][body] GET https://api.github.com/repos//actions/secrets/public-key {"message":"Not Found","documentation_url":"https://docs.github.com/rest"}
